<?xml version="1.0" encoding="UTF-8"?>
<testsuites tests="5" failures="4" skipped="0" errors="0" time="227.143">
  <testsuite name="maestro-runner" tests="5" failures="4" skipped="0" errors="0" time="227.143" timestamp="2026-06-14T17:15:14Z">
    <testcase name="comment-recipe" classname="comment-recipe" time="38.619">
      <properties>
        <property name="file" value="comment-recipe.yaml"/>
        <property name="device.name" value="google Android SDK built for x86"/>
        <property name="device.id" value="emulator-5554"/>
        <property name="device.platform" value="android"/>
      </properties>
      <failure message="Element not found: context deadline exceeded: no such element: An element could not be located on the page using the given search parameters" type="ElementInteractionError">tapOn</failure>
    </testcase>
    <testcase name="community" classname="community" time="29.998">
      <properties>
        <property name="file" value="community.yaml"/>
        <property name="device.name" value="google Android SDK built for x86"/>
        <property name="device.id" value="emulator-5554"/>
        <property name="device.platform" value="android"/>
      </properties>
      <failure message="Element &apos;#recipe&apos; not visible within 10s" type="TestError">extendedWaitUntil</failure>
    </testcase>
    <testcase name="cooking-mode" classname="cooking-mode" time="37.638">
      <properties>
        <property name="file" value="cooking-mode.yaml"/>
        <property name="device.name" value="google Android SDK built for x86"/>
        <property name="device.id" value="emulator-5554"/>
        <property name="device.platform" value="android"/>
      </properties>
      <failure message="Element not found: context deadline exceeded: no such element: An element could not be located on the page using the given search parameters" type="ElementInteractionError">tapOn</failure>
    </testcase>
    <testcase name="search-recipe" classname="search-recipe" time="31.653">
      <properties>
        <property name="file" value="search-recipe.yaml"/>
        <property name="device.name" value="google Android SDK built for x86"/>
        <property name="device.id" value="emulator-5554"/>
        <property name="device.platform" value="android"/>
      </properties>
      <failure message="Element &apos;#search-recipe-item&apos; not visible within 10s" type="TestError">extendedWaitUntil</failure>
    </testcase>
    <testcase name="search-user" classname="search-user" time="26.213">
      <properties>
        <property name="file" value="search-user.yaml"/>
        <property name="device.name" value="google Android SDK built for x86"/>
        <property name="device.id" value="emulator-5554"/>
        <property name="device.platform" value="android"/>
      </properties>
    </testcase>
  </testsuite>
</testsuites>
