<?xml version="1.0" encoding="UTF-8"?>
<testsuites tests="5" failures="5" skipped="0" errors="0" time="503.064">
  <testsuite name="maestro-runner" tests="5" failures="5" skipped="0" errors="0" time="503.064" timestamp="2026-05-14T15:02:45Z">
    <testcase name="comment-recipe" classname="comment-recipe" time="73.549">
      <properties>
        <property name="file" value="comment-recipe.yaml"/>
        <property name="device.name" value="google Android SDK built for x86"/>
        <property name="device.id" value="emulator-5554"/>
        <property name="device.platform" value="android"/>
      </properties>
      <failure message="" type="TestError"></failure>
    </testcase>
    <testcase name="community" classname="community" time="72.765">
      <properties>
        <property name="file" value="community.yaml"/>
        <property name="device.name" value="google Android SDK built for x86"/>
        <property name="device.id" value="emulator-5554"/>
        <property name="device.platform" value="android"/>
      </properties>
      <failure message="" type="TestError"></failure>
    </testcase>
    <testcase name="cooking-mode" classname="cooking-mode" time="72.842">
      <properties>
        <property name="file" value="cooking-mode.yaml"/>
        <property name="device.name" value="google Android SDK built for x86"/>
        <property name="device.id" value="emulator-5554"/>
        <property name="device.platform" value="android"/>
      </properties>
      <failure message="" type="TestError"></failure>
    </testcase>
    <testcase name="search-recipe" classname="search-recipe" time="72.393">
      <properties>
        <property name="file" value="search-recipe.yaml"/>
        <property name="device.name" value="google Android SDK built for x86"/>
        <property name="device.id" value="emulator-5554"/>
        <property name="device.platform" value="android"/>
      </properties>
      <failure message="" type="TestError"></failure>
    </testcase>
    <testcase name="search-user" classname="search-user" time="72.287">
      <properties>
        <property name="file" value="search-user.yaml"/>
        <property name="device.name" value="google Android SDK built for x86"/>
        <property name="device.id" value="emulator-5554"/>
        <property name="device.platform" value="android"/>
      </properties>
      <failure message="" type="TestError"></failure>
    </testcase>
  </testsuite>
</testsuites>
