<?xml version="1.0" encoding="UTF-8"?>
<testsuites tests="5" failures="1" skipped="0" errors="0" time="275.692">
  <testsuite name="maestro-runner" tests="5" failures="1" skipped="0" errors="0" time="275.692" timestamp="2026-08-27T07:07:37Z">
    <testcase name="comment-recipe" classname="comment-recipe" time="44.677">
      <properties>
        <property name="file" value="comment-recipe.yaml"/>
        <property name="device.name" value="google Android SDK built for x86"/>
        <property name="device.id" value="emulator-5554"/>
        <property name="device.platform" value="android"/>
      </properties>
    </testcase>
    <testcase name="community" classname="community" time="23.724">
      <properties>
        <property name="file" value="community.yaml"/>
        <property name="device.name" value="google Android SDK built for x86"/>
        <property name="device.id" value="emulator-5554"/>
        <property name="device.platform" value="android"/>
      </properties>
    </testcase>
    <testcase name="cooking-mode" classname="cooking-mode" time="74.108">
      <properties>
        <property name="file" value="cooking-mode.yaml"/>
        <property name="device.name" value="google Android SDK built for x86"/>
        <property name="device.id" value="emulator-5554"/>
        <property name="device.platform" value="android"/>
      </properties>
      <failure message="" type="TestError"></failure>
    </testcase>
    <testcase name="search-recipe" classname="search-recipe" time="24.026">
      <properties>
        <property name="file" value="search-recipe.yaml"/>
        <property name="device.name" value="google Android SDK built for x86"/>
        <property name="device.id" value="emulator-5554"/>
        <property name="device.platform" value="android"/>
      </properties>
    </testcase>
    <testcase name="search-user" classname="search-user" time="23.349">
      <properties>
        <property name="file" value="search-user.yaml"/>
        <property name="device.name" value="google Android SDK built for x86"/>
        <property name="device.id" value="emulator-5554"/>
        <property name="device.platform" value="android"/>
      </properties>
    </testcase>
  </testsuite>
</testsuites>
