<?xml version="1.0" encoding="UTF-8"?>
<testsuites tests="5" failures="5" skipped="0" errors="0" time="223.574">
  <testsuite name="maestro-runner" tests="5" failures="5" skipped="0" errors="0" time="223.574" timestamp="2026-05-06T10:19:23Z">
    <testcase name="comment-recipe" classname="comment-recipe" time="40.627">
      <properties>
        <property name="file" value="comment-recipe.yaml"/>
        <property name="device.name" value="google Android SDK built for x86"/>
        <property name="device.id" value="emulator-5554"/>
        <property name="device.platform" value="android"/>
      </properties>
      <failure message="Element not found: context deadline exceeded: no such element: An element could not be located on the page using the given search parameters" type="ElementInteractionError">tapOn</failure>
    </testcase>
    <testcase name="community" classname="community" time="27.185">
      <properties>
        <property name="file" value="community.yaml"/>
        <property name="device.name" value="google Android SDK built for x86"/>
        <property name="device.id" value="emulator-5554"/>
        <property name="device.platform" value="android"/>
      </properties>
      <failure message="Element &apos;#recipe&apos; not visible within 10s" type="TestError">extendedWaitUntil</failure>
    </testcase>
    <testcase name="cooking-mode" classname="cooking-mode" time="34.955">
      <properties>
        <property name="file" value="cooking-mode.yaml"/>
        <property name="device.name" value="google Android SDK built for x86"/>
        <property name="device.id" value="emulator-5554"/>
        <property name="device.platform" value="android"/>
      </properties>
      <failure message="Element not found: context deadline exceeded: no such element: An element could not be located on the page using the given search parameters" type="ElementInteractionError">tapOn</failure>
    </testcase>
    <testcase name="search-recipe" classname="search-recipe" time="28.291">
      <properties>
        <property name="file" value="search-recipe.yaml"/>
        <property name="device.name" value="google Android SDK built for x86"/>
        <property name="device.id" value="emulator-5554"/>
        <property name="device.platform" value="android"/>
      </properties>
      <failure message="Element &apos;#search-recipe-item&apos; not visible within 10s" type="TestError">extendedWaitUntil</failure>
    </testcase>
    <testcase name="search-user" classname="search-user" time="36.052">
      <properties>
        <property name="file" value="search-user.yaml"/>
        <property name="device.name" value="google Android SDK built for x86"/>
        <property name="device.id" value="emulator-5554"/>
        <property name="device.platform" value="android"/>
      </properties>
      <failure message="Element not visible: context deadline exceeded: no such element: An element could not be located on the page using the given search parameters" type="AssertionError">assertVisible</failure>
    </testcase>
  </testsuite>
</testsuites>
