<?xml version="1.0" encoding="UTF-8"?>
<testsuites tests="5" failures="1" skipped="0" errors="0" time="233.780">
  <testsuite name="maestro-runner" tests="5" failures="1" skipped="0" errors="0" time="233.780" timestamp="2026-05-20T07:24:59Z">
    <testcase name="comment-recipe" classname="comment-recipe" time="35.543">
      <properties>
        <property name="file" value="comment-recipe.yaml"/>
        <property name="device.name" value="google Android SDK built for x86"/>
        <property name="device.id" value="emulator-5554"/>
        <property name="device.platform" value="android"/>
      </properties>
    </testcase>
    <testcase name="community" classname="community" time="24.511">
      <properties>
        <property name="file" value="community.yaml"/>
        <property name="device.name" value="google Android SDK built for x86"/>
        <property name="device.id" value="emulator-5554"/>
        <property name="device.platform" value="android"/>
      </properties>
    </testcase>
    <testcase name="cooking-mode" classname="cooking-mode" time="39.944">
      <properties>
        <property name="file" value="cooking-mode.yaml"/>
        <property name="device.name" value="google Android SDK built for x86"/>
        <property name="device.id" value="emulator-5554"/>
        <property name="device.platform" value="android"/>
      </properties>
      <failure message="Element not found: context deadline exceeded: no such element: An element could not be located on the page using the given search parameters" type="ElementInteractionError">tapOn</failure>
    </testcase>
    <testcase name="search-recipe" classname="search-recipe" time="22.814">
      <properties>
        <property name="file" value="search-recipe.yaml"/>
        <property name="device.name" value="google Android SDK built for x86"/>
        <property name="device.id" value="emulator-5554"/>
        <property name="device.platform" value="android"/>
      </properties>
    </testcase>
    <testcase name="search-user" classname="search-user" time="24.860">
      <properties>
        <property name="file" value="search-user.yaml"/>
        <property name="device.name" value="google Android SDK built for x86"/>
        <property name="device.id" value="emulator-5554"/>
        <property name="device.platform" value="android"/>
      </properties>
    </testcase>
  </testsuite>
</testsuites>
