<?xml version="1.0" encoding="UTF-8"?>
<testsuites tests="5" failures="1" skipped="0" errors="0" time="202.517">
  <testsuite name="maestro-runner" tests="5" failures="1" skipped="0" errors="0" time="202.517" timestamp="2026-09-19T11:58:21Z">
    <testcase name="comment-recipe" classname="comment-recipe" time="51.263">
      <properties>
        <property name="file" value="comment-recipe.yaml"/>
        <property name="device.name" value="google Android SDK built for x86"/>
        <property name="device.id" value="emulator-5554"/>
        <property name="device.platform" value="android"/>
      </properties>
      <failure message="Element not found after 9999 scrolls" type="ScrollError">scrollUntilVisible</failure>
    </testcase>
    <testcase name="community" classname="community" time="19.750">
      <properties>
        <property name="file" value="community.yaml"/>
        <property name="device.name" value="google Android SDK built for x86"/>
        <property name="device.id" value="emulator-5554"/>
        <property name="device.platform" value="android"/>
      </properties>
    </testcase>
    <testcase name="cooking-mode" classname="cooking-mode" time="34.676">
      <properties>
        <property name="file" value="cooking-mode.yaml"/>
        <property name="device.name" value="google Android SDK built for x86"/>
        <property name="device.id" value="emulator-5554"/>
        <property name="device.platform" value="android"/>
      </properties>
    </testcase>
    <testcase name="search-recipe" classname="search-recipe" time="21.518">
      <properties>
        <property name="file" value="search-recipe.yaml"/>
        <property name="device.name" value="google Android SDK built for x86"/>
        <property name="device.id" value="emulator-5554"/>
        <property name="device.platform" value="android"/>
      </properties>
    </testcase>
    <testcase name="search-user" classname="search-user" time="20.354">
      <properties>
        <property name="file" value="search-user.yaml"/>
        <property name="device.name" value="google Android SDK built for x86"/>
        <property name="device.id" value="emulator-5554"/>
        <property name="device.platform" value="android"/>
      </properties>
    </testcase>
  </testsuite>
</testsuites>
