<?xml version="1.0" encoding="UTF-8"?>
<testsuites tests="5" failures="5" skipped="0" errors="0" time="522.725">
  <testsuite name="maestro-runner" tests="5" failures="5" skipped="0" errors="0" time="522.725" timestamp="2026-09-18T08:28:45Z">
    <testcase name="comment-recipe" classname="comment-recipe" time="76.766">
      <properties>
        <property name="file" value="comment-recipe.yaml"/>
        <property name="device.name" value="google Android SDK built for x86"/>
        <property name="device.id" value="emulator-5554"/>
        <property name="device.platform" value="android"/>
      </properties>
      <failure message="" type="TestError"></failure>
    </testcase>
    <testcase name="community" classname="community" time="74.399">
      <properties>
        <property name="file" value="community.yaml"/>
        <property name="device.name" value="google Android SDK built for x86"/>
        <property name="device.id" value="emulator-5554"/>
        <property name="device.platform" value="android"/>
      </properties>
      <failure message="" type="TestError"></failure>
    </testcase>
    <testcase name="cooking-mode" classname="cooking-mode" time="74.878">
      <properties>
        <property name="file" value="cooking-mode.yaml"/>
        <property name="device.name" value="google Android SDK built for x86"/>
        <property name="device.id" value="emulator-5554"/>
        <property name="device.platform" value="android"/>
      </properties>
      <failure message="" type="TestError"></failure>
    </testcase>
    <testcase name="search-recipe" classname="search-recipe" time="75.369">
      <properties>
        <property name="file" value="search-recipe.yaml"/>
        <property name="device.name" value="google Android SDK built for x86"/>
        <property name="device.id" value="emulator-5554"/>
        <property name="device.platform" value="android"/>
      </properties>
      <failure message="" type="TestError"></failure>
    </testcase>
    <testcase name="search-user" classname="search-user" time="75.020">
      <properties>
        <property name="file" value="search-user.yaml"/>
        <property name="device.name" value="google Android SDK built for x86"/>
        <property name="device.id" value="emulator-5554"/>
        <property name="device.platform" value="android"/>
      </properties>
      <failure message="" type="TestError"></failure>
    </testcase>
  </testsuite>
</testsuites>
