<?xml version="1.0" encoding="UTF-8"?>
<testsuites tests="5" failures="2" skipped="0" errors="0" time="350.499">
  <testsuite name="maestro-runner" tests="5" failures="2" skipped="0" errors="0" time="350.499" timestamp="2026-06-12T06:32:54Z">
    <testcase name="comment-recipe" classname="comment-recipe" time="75.435">
      <properties>
        <property name="file" value="comment-recipe.yaml"/>
        <property name="device.name" value="google Android SDK built for x86"/>
        <property name="device.id" value="emulator-5554"/>
        <property name="device.platform" value="android"/>
      </properties>
      <failure message="" type="TestError"></failure>
    </testcase>
    <testcase name="community" classname="community" time="30.763">
      <properties>
        <property name="file" value="community.yaml"/>
        <property name="device.name" value="google Android SDK built for x86"/>
        <property name="device.id" value="emulator-5554"/>
        <property name="device.platform" value="android"/>
      </properties>
    </testcase>
    <testcase name="cooking-mode" classname="cooking-mode" time="40.416">
      <properties>
        <property name="file" value="cooking-mode.yaml"/>
        <property name="device.name" value="google Android SDK built for x86"/>
        <property name="device.id" value="emulator-5554"/>
        <property name="device.platform" value="android"/>
      </properties>
    </testcase>
    <testcase name="search-recipe" classname="search-recipe" time="74.076">
      <properties>
        <property name="file" value="search-recipe.yaml"/>
        <property name="device.name" value="google Android SDK built for x86"/>
        <property name="device.id" value="emulator-5554"/>
        <property name="device.platform" value="android"/>
      </properties>
      <failure message="" type="TestError"></failure>
    </testcase>
    <testcase name="search-user" classname="search-user" time="27.221">
      <properties>
        <property name="file" value="search-user.yaml"/>
        <property name="device.name" value="google Android SDK built for x86"/>
        <property name="device.id" value="emulator-5554"/>
        <property name="device.platform" value="android"/>
      </properties>
    </testcase>
  </testsuite>
</testsuites>
